<?xml version="1.0" encoding="UTF-8"?>
<testsuite xmlns:xsi="http://www.w3.org/2001/XMLSchema-instance" xsi:noNamespaceSchemaLocation="https://maven.apache.org/surefire/maven-surefire-plugin/xsd/surefire-test-report.xsd" version="3.0.2" name="com.suli.springmybaties.mapper.UserInfoMapperTest" time="3.71" tests="6" errors="0" skipped="0" failures="0">
  <properties>
[...]
</properties>
  <testcase name="selectAllById2" classname="com.suli.springmybaties.mapper.UserInfoMapperTest" time="1.208">
    <system-out><![CDATA[23:11:19.792 [main] INFO org.springframework.test.context.support.AnnotationConfigContextLoaderUtils -- Could not detect default configuration classes for test class [com.suli.springmybaties.mapper.UserInfoMapperTest]: UserInfoMapperTest does not declare any static, non-private, non-final, nested classes annotated with @Configuration.
23:11:19.912 [main] INFO org.springframework.boot.test.context.SpringBootTestContextBootstrapper -- Found @SpringBootConfiguration com.suli.springmybaties.SpringMybatiesApplication for test class com.suli.springmybaties.mapper.UserInfoMapperTest

  .   ____          _            __ _ _
 /\\ / ___'_ __ _ _(_)_ __  __ _ \ \ \ \
( ( )\___ | '_ | '_| | '_ \/ _` | \ \ \ \
 \\/  ___)| |_)| | | | | || (_| |  ) ) ) )
  '  |____| .__|_| |_|_| |_\__, | / / / /
 =========|_|==============|___/=/_/_/_/

 :: Spring Boot ::                (v3.4.3)

2025-03-04T23:11:20.345+08:00  INFO 6708 --- [Spring-mybaties] [           main] c.s.s.mapper.UserInfoMapperTest          : Starting UserInfoMapperTest using Java 17.0.9 with PID 6708 (started by 苏李涛 in D:\Second warehouse_code\Spring-mybaties)
2025-03-04T23:11:20.346+08:00  INFO 6708 --- [Spring-mybaties] [           main] c.s.s.mapper.UserInfoMapperTest          : No active profile set, falling back to 1 default profile: "default"
Logging initialized using 'class org.apache.ibatis.logging.stdout.StdOutImpl' adapter.
2025-03-04T23:11:22.053+08:00  INFO 6708 --- [Spring-mybaties] [           main] c.s.s.mapper.UserInfoMapperTest          : Started UserInfoMapperTest in 1.994 seconds (process running for 2.859)
Creating a new SqlSession
SqlSession [org.apache.ibatis.session.defaults.DefaultSqlSession@618f627b] was not registered for synchronization because synchronization is not active
2025-03-04T23:11:23.031+08:00  INFO 6708 --- [Spring-mybaties] [           main] com.zaxxer.hikari.HikariDataSource       : HikariPool-1 - Starting...
2025-03-04T23:11:23.188+08:00  INFO 6708 --- [Spring-mybaties] [           main] com.zaxxer.hikari.pool.HikariPool        : HikariPool-1 - Added connection com.mysql.cj.jdbc.ConnectionImpl@3a709cc7
2025-03-04T23:11:23.190+08:00  INFO 6708 --- [Spring-mybaties] [           main] com.zaxxer.hikari.HikariDataSource       : HikariPool-1 - Start completed.
JDBC Connection [HikariProxyConnection@1645578641 wrapping com.mysql.cj.jdbc.ConnectionImpl@3a709cc7] will not be managed by Spring
==>  Preparing: SELECT * FROM user_info where id = ?
==> Parameters: 2(Integer)
<==    Columns: id, username, password, age, gender, phone, delete_flag, create_time, update_time
<==        Row: 2, zhangsan, zhangsan, 18, 1, 18612340002, 0, 2025-03-04 21:22:20, 2025-03-04 21:22:20
<==      Total: 1
Closing non transactional SqlSession [org.apache.ibatis.session.defaults.DefaultSqlSession@618f627b]
UserInfo(id=2, username=zhangsan, password=zhangsan, age=18, gender=1, phone=18612340002, deleteFlag=null, createTime=null, updateTime=null)
]]></system-out>
  </testcase>
  <testcase name="selectByNameAndPassword" classname="com.suli.springmybaties.mapper.UserInfoMapperTest" time="0.008">
    <system-out><![CDATA[Creating a new SqlSession
SqlSession [org.apache.ibatis.session.defaults.DefaultSqlSession@37b238da] was not registered for synchronization because synchronization is not active
JDBC Connection [HikariProxyConnection@477700359 wrapping com.mysql.cj.jdbc.ConnectionImpl@3a709cc7] will not be managed by Spring
==>  Preparing: SELECT * FROM `user_info` where username= ? and `password` = ?
==> Parameters: zhangsan(String), zhangsan(String)
<==    Columns: id, username, password, age, gender, phone, delete_flag, create_time, update_time
<==        Row: 2, zhangsan, zhangsan, 18, 1, 18612340002, 0, 2025-03-04 21:22:20, 2025-03-04 21:22:20
<==      Total: 1
Closing non transactional SqlSession [org.apache.ibatis.session.defaults.DefaultSqlSession@37b238da]
UserInfo(id=2, username=zhangsan, password=zhangsan, age=18, gender=1, phone=18612340002, deleteFlag=null, createTime=null, updateTime=null)
]]></system-out>
  </testcase>
  <testcase name="selectAllById" classname="com.suli.springmybaties.mapper.UserInfoMapperTest" time="0.007">
    <system-out><![CDATA[Creating a new SqlSession
SqlSession [org.apache.ibatis.session.defaults.DefaultSqlSession@4fd3b20a] was not registered for synchronization because synchronization is not active
JDBC Connection [HikariProxyConnection@693982422 wrapping com.mysql.cj.jdbc.ConnectionImpl@3a709cc7] will not be managed by Spring
==>  Preparing: SELECT * FROM user_info where id = ?
==> Parameters: 3(Integer)
<==    Columns: id, username, password, age, gender, phone, delete_flag, create_time, update_time
<==        Row: 3, lisi, lisi, 18, 1, 18612340003, 0, 2025-03-04 21:22:20, 2025-03-04 21:22:20
<==      Total: 1
Closing non transactional SqlSession [org.apache.ibatis.session.defaults.DefaultSqlSession@4fd3b20a]
UserInfo(id=3, username=lisi, password=lisi, age=18, gender=1, phone=18612340003, deleteFlag=null, createTime=null, updateTime=null)
]]></system-out>
  </testcase>
  <testcase name="insertUser2" classname="com.suli.springmybaties.mapper.UserInfoMapperTest" time="0.017">
    <system-out><![CDATA[Creating a new SqlSession
SqlSession [org.apache.ibatis.session.defaults.DefaultSqlSession@4a7db5a] was not registered for synchronization because synchronization is not active
JDBC Connection [HikariProxyConnection@1454795302 wrapping com.mysql.cj.jdbc.ConnectionImpl@3a709cc7] will not be managed by Spring
==>  Preparing: INSERT INTO user_info (username,`password`,age) VALUES(?,?,?)
==> Parameters: 风希大善人(String), 123(String), 102(Integer)
<==    Updates: 1
Closing non transactional SqlSession [org.apache.ibatis.session.defaults.DefaultSqlSession@4a7db5a]
影响行数1 id 22
]]></system-out>
  </testcase>
  <testcase name="insertUser" classname="com.suli.springmybaties.mapper.UserInfoMapperTest" time="0.016">
    <system-out><![CDATA[Creating a new SqlSession
SqlSession [org.apache.ibatis.session.defaults.DefaultSqlSession@369a95a5] was not registered for synchronization because synchronization is not active
JDBC Connection [HikariProxyConnection@88332821 wrapping com.mysql.cj.jdbc.ConnectionImpl@3a709cc7] will not be managed by Spring
==>  Preparing: INSERT INTO user_info (username,`password`,age) VALUES(?,?,?)
==> Parameters: 韩立(String), 1243(String), 100(Integer)
<==    Updates: 1
Closing non transactional SqlSession [org.apache.ibatis.session.defaults.DefaultSqlSession@369a95a5]
影响行数1 id 23
]]></system-out>
  </testcase>
  <testcase name="selectByNameAndPassword2" classname="com.suli.springmybaties.mapper.UserInfoMapperTest" time="0.018">
    <system-out><![CDATA[Creating a new SqlSession
SqlSession [org.apache.ibatis.session.defaults.DefaultSqlSession@6e668322] was not registered for synchronization because synchronization is not active
JDBC Connection [HikariProxyConnection@1978560393 wrapping com.mysql.cj.jdbc.ConnectionImpl@3a709cc7] will not be managed by Spring
==>  Preparing: SELECT * FROM `user_info` where username= ? and `password` = ?
==> Parameters: lisi(String), lisi(String)
<==    Columns: id, username, password, age, gender, phone, delete_flag, create_time, update_time
<==        Row: 3, lisi, lisi, 18, 1, 18612340003, 0, 2025-03-04 21:22:20, 2025-03-04 21:22:20
<==      Total: 1
Closing non transactional SqlSession [org.apache.ibatis.session.defaults.DefaultSqlSession@6e668322]
UserInfo(id=3, username=lisi, password=lisi, age=18, gender=1, phone=18612340003, deleteFlag=null, createTime=null, updateTime=null)
]]></system-out>
  </testcase>
</testsuite>