<?xml version="1.0" encoding="UTF-8"?>
<testsuite xmlns:xsi="http://www.w3.org/2001/XMLSchema-instance" xsi:noNamespaceSchemaLocation="https://maven.apache.org/surefire/maven-surefire-plugin/xsd/surefire-test-report.xsd" version="3.0.2" name="com.suli.springmybaties.mapper.UserInfoMapperXMLTest" time="0.032" tests="1" errors="1" skipped="0" failures="0">
  <properties>
[...]
</properties>
  <testcase name="selectAll" classname="com.suli.springmybaties.mapper.UserInfoMapperXMLTest" time="0.02">
    <error message="Invalid bound statement (not found): com.suli.springmybaties.mapper.UserInfoMapperXML.selectAll" type="org.apache.ibatis.binding.BindingException"><![CDATA[org.apache.ibatis.binding.BindingException: Invalid bound statement (not found): com.suli.springmybaties.mapper.UserInfoMapperXML.selectAll
	at org.apache.ibatis.binding.MapperMethod$SqlCommand.<init>(MapperMethod.java:229)
	at org.apache.ibatis.binding.MapperMethod.<init>(MapperMethod.java:53)
	at org.apache.ibatis.binding.MapperProxy.lambda$cachedInvoker$0(MapperProxy.java:96)
	at java.base/java.util.concurrent.ConcurrentHashMap.computeIfAbsent(ConcurrentHashMap.java:1708)
	at org.apache.ibatis.util.MapUtil.computeIfAbsent(MapUtil.java:36)
	at org.apache.ibatis.binding.MapperProxy.cachedInvoker(MapperProxy.java:94)
	at org.apache.ibatis.binding.MapperProxy.invoke(MapperProxy.java:86)
	at jdk.proxy2/jdk.proxy2.$Proxy128.selectAll(Unknown Source)
	at com.suli.springmybaties.mapper.UserInfoMapperXMLTest.selectAll(UserInfoMapperXMLTest.java:16)
	at java.base/java.lang.reflect.Method.invoke(Method.java:568)
	at java.base/java.util.ArrayList.forEach(ArrayList.java:1511)
	at java.base/java.util.ArrayList.forEach(ArrayList.java:1511)
]]></error>
    <system-out><![CDATA[2025-03-04T23:11:23.367+08:00  INFO 6708 --- [Spring-mybaties] [           main] t.c.s.AnnotationConfigContextLoaderUtils : Could not detect default configuration classes for test class [com.suli.springmybaties.mapper.UserInfoMapperXMLTest]: UserInfoMapperXMLTest does not declare any static, non-private, non-final, nested classes annotated with @Configuration.
2025-03-04T23:11:23.370+08:00  INFO 6708 --- [Spring-mybaties] [           main] .b.t.c.SpringBootTestContextBootstrapper : Found @SpringBootConfiguration com.suli.springmybaties.SpringMybatiesApplication for test class com.suli.springmybaties.mapper.UserInfoMapperXMLTest
]]></system-out>
  </testcase>
</testsuite>